Using pre-set license
Built from '2020.3/release' branch; Version is '2020.3.1f1 (77a89f25062f) revision 7841951'; Using compiler version '192528614'; Build Type 'Release'
OS: 'Windows 10 Home; OS build 19041.867; Version 2004; 64bit' Language: 'fi' Physical Memory: 32715 MB
BatchMode: 1, IsHumanControllingUs: 0, StartBugReporterOnCrash: 0, Is64bit: 1, IsPro: 0

 COMMAND LINE ARGUMENTS:
C:\Program Files\Unity\Hub\Editor\2020.3.1f1\Editor\Unity.exe
-adb2
-batchMode
-noUpm
-name
AssetImportWorker0
-projectPath
C:/Jam/Jam21/Noobs
-logFile
Logs/AssetImportWorker0.log
-srvPort
56849
Successfully changed project path to: C:/Jam/Jam21/Noobs
C:/Jam/Jam21/Noobs
Using Asset Import Pipeline V2.
Refreshing native plugins compatible for Editor in 23.25 ms, found 1 plugins.
Preloading 0 native plugins for Editor in 0.00 ms.
Initialize engine version: 2020.3.1f1 (77a89f25062f)
[Subsystems] Discovering subsystems at path C:/Program Files/Unity/Hub/Editor/2020.3.1f1/Editor/Data/Resources/UnitySubsystems
[Subsystems] Discovering subsystems at path C:/Jam/Jam21/Noobs/Assets
GfxDevice: creating device client; threaded=0
Direct3D:
    Version:  Direct3D 11.0 [level 11.0]
    Renderer: NVIDIA GeForce GTX 760 (192-bit) (ID=0x118e)
    Vendor:   
    VRAM:     3029 MB
    Driver:   27.21.14.6192
Initialize mono
Mono path[0] = 'C:/Program Files/Unity/Hub/Editor/2020.3.1f1/Editor/Data/Managed'
Mono path[1] = 'C:/Program Files/Unity/Hub/Editor/2020.3.1f1/Editor/Data/MonoBleedingEdge/lib/mono/unityjit'
Mono config path = 'C:/Program Files/Unity/Hub/Editor/2020.3.1f1/Editor/Data/MonoBleedingEdge/etc'
Using monoOptions --debugger-agent=transport=dt_socket,embedding=1,server=y,suspend=n,address=127.0.0.1:56904
Begin MonoManager ReloadAssembly
Registering precompiled unity dll's ...
Register platform support module: C:/Program Files/Unity/Hub/Editor/2020.3.1f1/Editor/Data/PlaybackEngines/WindowsStandaloneSupport/UnityEditor.WindowsStandalone.Extensions.dll
Registered in 0.001230 seconds.
Native extension for WindowsStandalone target not found
Refreshing native plugins compatible for Editor in 23.06 ms, found 1 plugins.
Preloading 0 native plugins for Editor in 0.00 ms.
Invoked RoslynAnalysisRunner static constructor.
RoslynAnalysisRunner will not be running.
RoslynAnalysisRunner has terminated.
Mono: successfully reloaded assembly
- Completed reload, in  0.646 seconds
Platform modules already initialized, skipping
Registering precompiled user dll's ...
Registered in 0.000608 seconds.
Begin MonoManager ReloadAssembly
Native extension for WindowsStandalone target not found
Refreshing native plugins compatible for Editor in 23.30 ms, found 1 plugins.
Preloading 0 native plugins for Editor in 0.00 ms.
Invoked RoslynAnalysisRunner static constructor.
RoslynAnalysisRunner will not be running.
RoslynAnalysisRunner has terminated.
Mono: successfully reloaded assembly
- Completed reload, in  0.549 seconds
Platform modules already initialized, skipping
========================================================================
Worker process is ready to serve import requests
Launched and connected shader compiler UnityShaderCompiler.exe after 0.03 seconds
Refreshing native plugins compatible for Editor in 0.30 ms, found 1 plugins.
Preloading 0 native plugins for Editor in 0.00 ms.
Unloading 1822 Unused Serialized files (Serialized files now loaded: 0)
System memory in use before: 86.5 MB.
System memory in use after: 86.5 MB.

Unloading 24 unused Assets to reduce memory usage. Loaded Objects now: 2265.
Total: 1.607300 ms (FindLiveObjects: 0.126700 ms CreateObjectMapping: 0.041900 ms MarkObjects: 1.351700 ms  DeleteObjects: 0.086400 ms)

========================================================================
Received Import Request.
  path: Assets/Hai_Script/ball3.png
  artifactKey: Guid(a2494c0fdbce9ca4d987b5c1da8bd556) Importer(815301076,1909f56bfc062723c751e8b465ee728b)
Start importing Assets/Hai_Script/ball3.png using Guid(a2494c0fdbce9ca4d987b5c1da8bd556) Importer(815301076,1909f56bfc062723c751e8b465ee728b)  -> (artifact id: 'ea41b708d02f0eff9aa5e35f1cd45989') in 0.062183 seconds
  Import took 0.064373 seconds .

========================================================================
Received Import Request.
  Time since last request: 50.717827 seconds.
  path: Assets/Hai_Script/Lifelostcollider.cs
  artifactKey: Guid(451a5562fbce1b54e85ae6f05cfb4efa) Importer(815301076,1909f56bfc062723c751e8b465ee728b)
Start importing Assets/Hai_Script/Lifelostcollider.cs using Guid(451a5562fbce1b54e85ae6f05cfb4efa) Importer(815301076,1909f56bfc062723c751e8b465ee728b)  -> (artifact id: '5f0b9f628508494ccfb1121b727046b7') in 0.006658 seconds
  Import took 0.008868 seconds .

========================================================================
Received Import Request.
  Time since last request: 131.302275 seconds.
  path: Assets/Prefabs/Tough_Brick.prefab
  artifactKey: Guid(4f2304ac640276c4a9009d6a0c8320d1) Importer(815301076,1909f56bfc062723c751e8b465ee728b)
Start importing Assets/Prefabs/Tough_Brick.prefab using Guid(4f2304ac640276c4a9009d6a0c8320d1) Importer(815301076,1909f56bfc062723c751e8b465ee728b)  -> (artifact id: '05809bea1583acf15e29689d557b590a') in 0.034580 seconds
  Import took 0.037005 seconds .

========================================================================
Received Import Request.
  Time since last request: 2.900335 seconds.
  path: Assets/Prefabs/Repulsor_Brick .prefab
  artifactKey: Guid(a19a34e70bc43c645be0a04b0fe31455) Importer(815301076,1909f56bfc062723c751e8b465ee728b)
Start importing Assets/Prefabs/Repulsor_Brick .prefab using Guid(a19a34e70bc43c645be0a04b0fe31455) Importer(815301076,1909f56bfc062723c751e8b465ee728b)  -> (artifact id: '8d6c6b927b5ab220da24837448ccbdcc') in 0.011568 seconds
  Import took 0.013893 seconds .

========================================================================
Received Import Request.
  Time since last request: 0.000546 seconds.
  path: Assets/Prefabs/Repulsor_Brick .prefab
  artifactKey: Guid(a19a34e70bc43c645be0a04b0fe31455) Importer(815301076,1909f56bfc062723c751e8b465ee728b)
Start importing Assets/Prefabs/Repulsor_Brick .prefab using Guid(a19a34e70bc43c645be0a04b0fe31455) Importer(815301076,1909f56bfc062723c751e8b465ee728b)  -> (artifact id: '8d6c6b927b5ab220da24837448ccbdcc') in 0.005665 seconds
  Import took 0.007541 seconds .

